<?xml version="1.0" encoding="UTF-8"?>
<robot generator="Robot 4.1.3 (Python 3.7.5 on darwin)" generated="20220222 16:51:21.060" rpa="false" schemaversion="2">
<suite id="s1" name="Robot Interactive Console" source="/Users/tim/.vscode/extensions/robocorp.robotframework-lsp-0.41.0/src/robotframework_ls/vendored/robotframework_interactive/robot_interactive_console.robot">
<test id="s1-t1" name="Default Task/Test">
<kw name="Interpreter Main Loop" library="MainLoop">
<status status="PASS" starttime="20220222 16:51:21.094" endtime="20220222 16:51:25.804"/>
</kw>
<status status="PASS" starttime="20220222 16:51:21.093" endtime="20220222 16:51:25.805"/>
</test>
<status status="PASS" starttime="20220222 16:51:21.061" endtime="20220222 16:51:25.806"/>
</suite>
<statistics>
<total>
<stat pass="1" fail="0" skip="0">All Tests</stat>
</total>
<tag>
</tag>
<suite>
<stat pass="1" fail="0" skip="0" id="s1" name="Robot Interactive Console">Robot Interactive Console</stat>
</suite>
</statistics>
<errors>
</errors>
</robot>
